\BOOKMARK [1][-]{section*.2}{\376\377\000L\000i\000s\000t\000\040\000o\000f\000\040\000F\000i\000g\000u\000r\000e\000s}{}% 1
\BOOKMARK [1][-]{section*.3}{\376\377\000L\000i\000s\000t\000\040\000o\000f\000\040\000T\000a\000b\000l\000e\000s}{}% 2
\BOOKMARK [1][-]{section.1}{\376\377\000I\000n\000t\000r\000o\000d\000u\000c\000t\000i\000o\000n}{}% 3
\BOOKMARK [1][-]{section.2}{\376\377\000P\000i\000p\000e\000l\000i\000n\000e\000\040\000O\000v\000e\000r\000v\000i\000e\000w}{}% 4
\BOOKMARK [2][-]{subsection.2.1}{\376\377\000T\000e\000x\000t\000\040\000P\000a\000t\000h\000\040\000\050\000/\000t\000t\000s\000\051}{section.2}% 5
\BOOKMARK [2][-]{subsection.2.2}{\376\377\000S\000p\000e\000e\000c\000h\000\040\000P\000a\000t\000h\000\040\000\050\000/\000s\000t\000s\000\051}{section.2}% 6
\BOOKMARK [2][-]{subsection.2.3}{\376\377\000L\000i\000p\000-\000S\000y\000n\000c\000\040\000S\000t\000a\000g\000e}{section.2}% 7
\BOOKMARK [1][-]{section.3}{\376\377\000T\000i\000m\000e\000\040\000A\000n\000a\000l\000y\000s\000i\000s}{}% 8
\BOOKMARK [2][-]{subsection.3.1}{\376\377\000E\000n\000d\000-\000t\000o\000-\000E\000n\000d\000\040\000L\000a\000t\000e\000n\000c\000y}{section.3}% 9
\BOOKMARK [2][-]{subsection.3.2}{\376\377\000W\000e\000a\000k\000n\000e\000s\000s\000e\000s\000\040\000i\000n\000\040\000T\000i\000m\000e}{section.3}% 10
\BOOKMARK [1][-]{section.4}{\376\377\000S\000p\000e\000n\000d\000i\000n\000g\000\040\000A\000n\000a\000l\000y\000s\000i\000s}{}% 11
\BOOKMARK [2][-]{subsection.4.1}{\376\377\000C\000o\000s\000t\000\040\000D\000r\000i\000v\000e\000r\000s}{section.4}% 12
\BOOKMARK [2][-]{subsection.4.2}{\376\377\000W\000e\000a\000k\000n\000e\000s\000s\000e\000s\000\040\000i\000n\000\040\000S\000p\000e\000n\000d\000i\000n\000g}{section.4}% 13
\BOOKMARK [1][-]{section.5}{\376\377\000B\000o\000t\000t\000l\000e\000n\000e\000c\000k\000s}{}% 14
\BOOKMARK [2][-]{subsection.5.1}{\376\377\000S\000t\000r\000u\000c\000t\000u\000r\000a\000l\000\040\000B\000o\000t\000t\000l\000e\000n\000e\000c\000k\000s}{section.5}% 15
\BOOKMARK [2][-]{subsection.5.2}{\376\377\000R\000e\000s\000o\000u\000r\000c\000e\000\040\000B\000o\000t\000t\000l\000e\000n\000e\000c\000k\000s}{section.5}% 16
\BOOKMARK [2][-]{subsection.5.3}{\376\377\000C\000o\000r\000r\000e\000c\000t\000n\000e\000s\000s\000\040\000a\000n\000d\000\040\000R\000o\000b\000u\000s\000t\000n\000e\000s\000s}{section.5}% 17
\BOOKMARK [1][-]{section.6}{\376\377\000C\000o\000n\000c\000l\000u\000s\000i\000o\000n}{}% 18
\BOOKMARK [1][-]{section*.10}{\376\377\000B\000i\000b\000l\000i\000o\000g\000r\000a\000p\000h\000y}{}% 19
\BOOKMARK [1][-]{section*.11}{\376\377\000A\000p\000p\000e\000n\000d\000i\000x}{}% 20
\BOOKMARK [2][-]{subsection.Alph0.1}{\376\377\000P\000i\000p\000e\000l\000i\000n\000e\000\040\000F\000l\000o\000w\000\040\000D\000i\000a\000g\000r\000a\000m}{section*.11}% 21
\BOOKMARK [2][-]{subsection.Alph0.2}{\376\377\000K\000e\000y\000\040\000F\000i\000l\000e\000s}{section*.11}% 22
